<?xml version="1.0" encoding="UTF-8"?>
<testsuite name="com.example.study.repository.OrderDetailRepositoryTest" tests="1" skipped="0" failures="0" errors="0" timestamp="2021-04-14T10:16:34" hostname="jeonghyeon-uui-MacBookPro.local" time="0.216">
  <properties/>
  <testcase name="create()" classname="com.example.study.repository.OrderDetailRepositoryTest" time="0.216"/>
  <system-out><![CDATA[19:16:25.997 [Test worker] DEBUG org.springframework.test.context.BootstrapUtils - Instantiating CacheAwareContextLoaderDelegate from class [org.springframework.test.context.cache.DefaultCacheAwareContextLoaderDelegate]
19:16:26.007 [Test worker] DEBUG org.springframework.test.context.BootstrapUtils - Instantiating BootstrapContext using constructor [public org.springframework.test.context.support.DefaultBootstrapContext(java.lang.Class,org.springframework.test.context.CacheAwareContextLoaderDelegate)]
19:16:26.038 [Test worker] DEBUG org.springframework.test.context.BootstrapUtils - Instantiating TestContextBootstrapper for test class [com.example.study.repository.OrderDetailRepositoryTest] from class [org.springframework.boot.test.context.SpringBootTestContextBootstrapper]
19:16:26.048 [Test worker] INFO org.springframework.boot.test.context.SpringBootTestContextBootstrapper - Neither @ContextConfiguration nor @ContextHierarchy found for test class [com.example.study.repository.OrderDetailRepositoryTest], using SpringBootContextLoader
19:16:26.052 [Test worker] DEBUG org.springframework.test.context.support.AbstractContextLoader - Did not detect default resource location for test class [com.example.study.repository.OrderDetailRepositoryTest]: class path resource [com/example/study/repository/OrderDetailRepositoryTest-context.xml] does not exist
19:16:26.052 [Test worker] DEBUG org.springframework.test.context.support.AbstractContextLoader - Did not detect default resource location for test class [com.example.study.repository.OrderDetailRepositoryTest]: class path resource [com/example/study/repository/OrderDetailRepositoryTestContext.groovy] does not exist
19:16:26.052 [Test worker] INFO org.springframework.test.context.support.AbstractContextLoader - Could not detect default resource locations for test class [com.example.study.repository.OrderDetailRepositoryTest]: no resource found for suffixes {-context.xml, Context.groovy}.
19:16:26.053 [Test worker] INFO org.springframework.test.context.support.AnnotationConfigContextLoaderUtils - Could not detect default configuration classes for test class [com.example.study.repository.OrderDetailRepositoryTest]: OrderDetailRepositoryTest does not declare any static, non-private, non-final, nested classes annotated with @Configuration.
19:16:26.092 [Test worker] DEBUG org.springframework.test.context.support.ActiveProfilesUtils - Could not find an 'annotation declaring class' for annotation type [org.springframework.test.context.ActiveProfiles] and class [com.example.study.repository.OrderDetailRepositoryTest]
19:16:26.158 [Test worker] DEBUG org.springframework.context.annotation.ClassPathScanningCandidateComponentProvider - Identified candidate component class: file [/Users/nuung/Desktop/CodingStudy/Spring/spring-boot-first/build/classes/java/main/com/example/study/StudyApplication.class]
19:16:26.158 [Test worker] INFO org.springframework.boot.test.context.SpringBootTestContextBootstrapper - Found @SpringBootConfiguration com.example.study.StudyApplication for test class com.example.study.repository.OrderDetailRepositoryTest
19:16:26.239 [Test worker] DEBUG org.springframework.boot.test.context.SpringBootTestContextBootstrapper - @TestExecutionListeners is not present for class [com.example.study.repository.OrderDetailRepositoryTest]: using defaults.
19:16:26.240 [Test worker] INFO org.springframework.boot.test.context.SpringBootTestContextBootstrapper - Loaded default TestExecutionListener class names from location [META-INF/spring.factories]: [org.springframework.boot.test.autoconfigure.restdocs.RestDocsTestExecutionListener, org.springframework.boot.test.autoconfigure.web.client.MockRestServiceServerResetTestExecutionListener, org.springframework.boot.test.autoconfigure.web.servlet.MockMvcPrintOnlyOnFailureTestExecutionListener, org.springframework.boot.test.autoconfigure.web.servlet.WebDriverTestExecutionListener, org.springframework.boot.test.autoconfigure.webservices.client.MockWebServiceServerTestExecutionListener, org.springframework.boot.test.mock.mockito.MockitoTestExecutionListener, org.springframework.boot.test.mock.mockito.ResetMocksTestExecutionListener, org.springframework.test.context.web.ServletTestExecutionListener, org.springframework.test.context.support.DirtiesContextBeforeModesTestExecutionListener, org.springframework.test.context.event.ApplicationEventsTestExecutionListener, org.springframework.test.context.support.DependencyInjectionTestExecutionListener, org.springframework.test.context.support.DirtiesContextTestExecutionListener, org.springframework.test.context.transaction.TransactionalTestExecutionListener, org.springframework.test.context.jdbc.SqlScriptsTestExecutionListener, org.springframework.test.context.event.EventPublishingTestExecutionListener]
19:16:26.254 [Test worker] INFO org.springframework.boot.test.context.SpringBootTestContextBootstrapper - Using TestExecutionListeners: [org.springframework.test.context.web.ServletTestExecutionListener@3e9ebe0, org.springframework.test.context.support.DirtiesContextBeforeModesTestExecutionListener@3b48308a, org.springframework.test.context.event.ApplicationEventsTestExecutionListener@5645b4c1, org.springframework.boot.test.mock.mockito.MockitoTestExecutionListener@4230ab63, org.springframework.boot.test.autoconfigure.SpringBootDependencyInjectionTestExecutionListener@ecafe2e, org.springframework.test.context.support.DirtiesContextTestExecutionListener@74fc531d, org.springframework.test.context.transaction.TransactionalTestExecutionListener@f6412ff, org.springframework.test.context.jdbc.SqlScriptsTestExecutionListener@48c8dbc3, org.springframework.test.context.event.EventPublishingTestExecutionListener@11aa677a, org.springframework.boot.test.autoconfigure.restdocs.RestDocsTestExecutionListener@7d8bae9, org.springframework.boot.test.autoconfigure.web.client.MockRestServiceServerResetTestExecutionListener@2884a307, org.springframework.boot.test.autoconfigure.web.servlet.MockMvcPrintOnlyOnFailureTestExecutionListener@269c6317, org.springframework.boot.test.autoconfigure.web.servlet.WebDriverTestExecutionListener@644f5109, org.springframework.boot.test.autoconfigure.webservices.client.MockWebServiceServerTestExecutionListener@2682b09b, org.springframework.boot.test.mock.mockito.ResetMocksTestExecutionListener@2b93b3d7]
19:16:26.257 [Test worker] DEBUG org.springframework.test.context.support.AbstractDirtiesContextTestExecutionListener - Before test class: context [DefaultTestContext@27d0cd25 testClass = OrderDetailRepositoryTest, testInstance = [null], testMethod = [null], testException = [null], mergedContextConfiguration = [WebMergedContextConfiguration@663ad97 testClass = OrderDetailRepositoryTest, locations = '{}', classes = '{class com.example.study.StudyApplication}', contextInitializerClasses = '[]', activeProfiles = '{}', propertySourceLocations = '{}', propertySourceProperties = '{org.springframework.boot.test.context.SpringBootTestContextBootstrapper=true}', contextCustomizers = set[org.springframework.boot.test.autoconfigure.actuate.metrics.MetricsExportContextCustomizerFactory$DisableMetricExportContextCustomizer@332d2415, org.springframework.boot.test.autoconfigure.properties.PropertyMappingContextCustomizer@0, org.springframework.boot.test.autoconfigure.web.servlet.WebDriverContextCustomizerFactory$Customizer@6296c1bc, org.springframework.boot.test.context.filter.ExcludeFilterContextCustomizer@514cc897, org.springframework.boot.test.json.DuplicateJsonObjectContextCustomizerFactory$DuplicateJsonObjectContextCustomizer@57b404b9, org.springframework.boot.test.mock.mockito.MockitoContextCustomizer@0, org.springframework.boot.test.web.client.TestRestTemplateContextCustomizer@1b05a329, org.springframework.boot.test.context.SpringBootTestArgs@1, org.springframework.boot.test.context.SpringBootTestWebEnvironment@2e73e1df], resourceBasePath = 'src/main/webapp', contextLoader = 'org.springframework.boot.test.context.SpringBootContextLoader', parent = [null]], attributes = map['org.springframework.test.context.web.ServletTestExecutionListener.activateListener' -> true]], class annotated with @DirtiesContext [false] with mode [null].
19:16:26.282 [Test worker] DEBUG org.springframework.test.context.support.TestPropertySourceUtils - Adding inlined properties to environment: {spring.jmx.enabled=false, org.springframework.boot.test.context.SpringBootTestContextBootstrapper=true}

  .   ____          _            __ _ _
 /\\ / ___'_ __ _ _(_)_ __  __ _ \ \ \ \
( ( )\___ | '_ | '_| | '_ \/ _` | \ \ \ \
 \\/  ___)| |_)| | | | | || (_| |  ) ) ) )
  '  |____| .__|_| |_|_| |_\__, | / / / /
 =========|_|==============|___/=/_/_/_/
 :: Spring Boot ::                (v2.4.4)

2021-04-14 19:16:31.497  INFO 59742 --- [    Test worker] c.e.s.r.OrderDetailRepositoryTest        : Starting OrderDetailRepositoryTest using Java 14.0.1 on jeonghyeon-uui-MacBookPro.local with PID 59742 (started by nuung in /Users/nuung/Desktop/CodingStudy/Spring/spring-boot-first)
2021-04-14 19:16:31.499  INFO 59742 --- [    Test worker] c.e.s.r.OrderDetailRepositoryTest        : No active profile set, falling back to default profiles: default
2021-04-14 19:16:32.106  INFO 59742 --- [    Test worker] .s.d.r.c.RepositoryConfigurationDelegate : Bootstrapping Spring Data JPA repositories in DEFAULT mode.
2021-04-14 19:16:32.168  INFO 59742 --- [    Test worker] .s.d.r.c.RepositoryConfigurationDelegate : Finished Spring Data repository scanning in 55 ms. Found 7 JPA repository interfaces.
2021-04-14 19:16:32.607  INFO 59742 --- [    Test worker] com.zaxxer.hikari.HikariDataSource       : HikariPool-1 - Starting...
2021-04-14 19:16:32.771  INFO 59742 --- [    Test worker] com.zaxxer.hikari.HikariDataSource       : HikariPool-1 - Start completed.
2021-04-14 19:16:32.832  INFO 59742 --- [    Test worker] o.hibernate.jpa.internal.util.LogHelper  : HHH000204: Processing PersistenceUnitInfo [name: default]
2021-04-14 19:16:32.876  INFO 59742 --- [    Test worker] org.hibernate.Version                    : HHH000412: Hibernate ORM core version 5.4.29.Final
2021-04-14 19:16:33.025  INFO 59742 --- [    Test worker] o.hibernate.annotations.common.Version   : HCANN000001: Hibernate Commons Annotations {5.1.2.Final}
2021-04-14 19:16:33.136  INFO 59742 --- [    Test worker] org.hibernate.dialect.Dialect            : HHH000400: Using dialect: org.hibernate.dialect.MySQL8Dialect
2021-04-14 19:16:33.731  INFO 59742 --- [    Test worker] o.h.e.t.j.p.i.JtaPlatformInitiator       : HHH000490: Using JtaPlatform implementation: [org.hibernate.engine.transaction.jta.platform.internal.NoJtaPlatform]
2021-04-14 19:16:33.740  INFO 59742 --- [    Test worker] j.LocalContainerEntityManagerFactoryBean : Initialized JPA EntityManagerFactory for persistence unit 'default'
2021-04-14 19:16:33.932  WARN 59742 --- [    Test worker] JpaBaseConfiguration$JpaWebConfiguration : spring.jpa.open-in-view is enabled by default. Therefore, database queries may be performed during view rendering. Explicitly configure spring.jpa.open-in-view to disable this warning
2021-04-14 19:16:34.118  INFO 59742 --- [    Test worker] o.s.s.concurrent.ThreadPoolTaskExecutor  : Initializing ExecutorService 'applicationTaskExecutor'
2021-04-14 19:16:34.823  INFO 59742 --- [    Test worker] c.e.s.r.OrderDetailRepositoryTest        : Started OrderDetailRepositoryTest in 8.535 seconds (JVM running for 9.468)
Hibernate: insert into order_detail (order_group_id, arrival_date, created_at, created_by, item_id, quantity, status, total_price, updated_at, updated_by) values (?, ?, ?, ?, ?, ?, ?, ?, ?, ?)
]]></system-out>
  <system-err><![CDATA[]]></system-err>
</testsuite>
